<?xml version="1.0" encoding="utf-8"?>
<test-run id="2" testcasecount="23" result="Failed(Child)" total="23" passed="22" failed="1" inconclusive="0" skipped="0" asserts="0" engine-version="3.5.0.0" clr-version="4.0.30319.42000" start-time="2026-03-22 18:02:15Z" end-time="2026-03-22 18:02:15Z" duration="0.1136141">
  <test-suite type="TestSuite" id="1042" name="2026TeamProject_J2M" fullname="2026TeamProject_J2M" runstate="Runnable" testcasecount="23" result="Failed" site="Child" start-time="2026-03-22 18:02:15Z" end-time="2026-03-22 18:02:15Z" duration="0.113614" total="23" passed="22" failed="1" inconclusive="0" skipped="0" asserts="0">
    <properties>
      <property name="platform" value="EditMode" />
    </properties>
    <failure>
      <message><![CDATA[One or more child tests had errors]]></message>
    </failure>
    <test-suite type="Assembly" id="1028" name="Game.Feature.Gameplay.Tests.dll" fullname="C:/Users/user/2026TeamProject_J2M/Library/ScriptAssemblies/Game.Feature.Gameplay.Tests.dll" runstate="Runnable" testcasecount="23" result="Failed" site="Child" start-time="2026-03-22 18:02:15Z" end-time="2026-03-22 18:02:15Z" duration="0.102550" total="23" passed="22" failed="1" inconclusive="0" skipped="0" asserts="0">
      <properties>
        <property name="_PID" value="17608" />
        <property name="_APPDOMAIN" value="Unity Child Domain" />
        <property name="platform" value="EditMode" />
        <property name="EditorOnly" value="True" />
      </properties>
      <failure>
        <message><![CDATA[One or more child tests had errors]]></message>
      </failure>
      <test-suite type="TestSuite" id="1029" name="Game" fullname="Game" runstate="Runnable" testcasecount="23" result="Failed" site="Child" start-time="2026-03-22 18:02:15Z" end-time="2026-03-22 18:02:15Z" duration="0.101537" total="23" passed="22" failed="1" inconclusive="0" skipped="0" asserts="0">
        <properties />
        <failure>
          <message><![CDATA[One or more child tests had errors]]></message>
        </failure>
        <test-suite type="TestSuite" id="1030" name="Feature" fullname="Game.Feature" runstate="Runnable" testcasecount="23" result="Failed" site="Child" start-time="2026-03-22 18:02:15Z" end-time="2026-03-22 18:02:15Z" duration="0.101241" total="23" passed="22" failed="1" inconclusive="0" skipped="0" asserts="0">
          <properties />
          <failure>
            <message><![CDATA[One or more child tests had errors]]></message>
          </failure>
          <test-suite type="TestSuite" id="1031" name="Gameplay" fullname="Game.Feature.Gameplay" runstate="Runnable" testcasecount="23" result="Failed" site="Child" start-time="2026-03-22 18:02:15Z" end-time="2026-03-22 18:02:15Z" duration="0.100990" total="23" passed="22" failed="1" inconclusive="0" skipped="0" asserts="0">
            <properties />
            <failure>
              <message><![CDATA[One or more child tests had errors]]></message>
            </failure>
            <test-suite type="TestSuite" id="1032" name="Tests" fullname="Game.Feature.Gameplay.Tests" runstate="Runnable" testcasecount="23" result="Failed" site="Child" start-time="2026-03-22 18:02:15Z" end-time="2026-03-22 18:02:15Z" duration="0.100733" total="23" passed="22" failed="1" inconclusive="0" skipped="0" asserts="0">
              <properties />
              <failure>
                <message><![CDATA[One or more child tests had errors]]></message>
              </failure>
              <test-suite type="TestSuite" id="1034" name="Scenario" fullname="Game.Feature.Gameplay.Tests.Scenario" runstate="Runnable" testcasecount="7" result="Passed" start-time="2026-03-22 18:02:15Z" end-time="2026-03-22 18:02:15Z" duration="0.070508" total="7" passed="7" failed="0" inconclusive="0" skipped="0" asserts="0">
                <properties />
                <test-suite type="TestFixture" id="1019" name="AttackPhaseScenarioTests" fullname="Game.Feature.Gameplay.Tests.Scenario.AttackPhaseScenarioTests" classname="Game.Feature.Gameplay.Tests.Scenario.AttackPhaseScenarioTests" runstate="Runnable" testcasecount="3" result="Passed" start-time="2026-03-22 18:02:15Z" end-time="2026-03-22 18:02:15Z" duration="0.055680" total="3" passed="3" failed="0" inconclusive="0" skipped="0" asserts="0">
                  <properties />
                  <test-case id="1021" name="Attack_DeadAfterDamage_StillOccupiesUntilCleanup" fullname="Game.Feature.Gameplay.Tests.Scenario.AttackPhaseScenarioTests.Attack_DeadAfterDamage_StillOccupiesUntilCleanup" methodname="Attack_DeadAfterDamage_StillOccupiesUntilCleanup" classname="Game.Feature.Gameplay.Tests.Scenario.AttackPhaseScenarioTests" runstate="Runnable" seed="2064044152" result="Passed" start-time="2026-03-22 18:02:15Z" end-time="2026-03-22 18:02:15Z" duration="0.039222" asserts="0">
                    <properties>
                      <property name="retryIteration" value="0" />
                      <property name="repeatIteration" value="0" />
                    </properties>
                  </test-case>
                  <test-case id="1020" name="Attack_MoveThenAttack_UsesPostMoveSnapshot" fullname="Game.Feature.Gameplay.Tests.Scenario.AttackPhaseScenarioTests.Attack_MoveThenAttack_UsesPostMoveSnapshot" methodname="Attack_MoveThenAttack_UsesPostMoveSnapshot" classname="Game.Feature.Gameplay.Tests.Scenario.AttackPhaseScenarioTests" runstate="Runnable" seed="1417670791" result="Passed" start-time="2026-03-22 18:02:15Z" end-time="2026-03-22 18:02:15Z" duration="0.003621" asserts="0">
                    <properties>
                      <property name="retryIteration" value="0" />
                      <property name="repeatIteration" value="0" />
                    </properties>
                  </test-case>
                  <test-case id="1022" name="Attack_NonAdjacentTarget_DoesNotProduceCandidate" fullname="Game.Feature.Gameplay.Tests.Scenario.AttackPhaseScenarioTests.Attack_NonAdjacentTarget_DoesNotProduceCandidate" methodname="Attack_NonAdjacentTarget_DoesNotProduceCandidate" classname="Game.Feature.Gameplay.Tests.Scenario.AttackPhaseScenarioTests" runstate="Runnable" seed="1145501117" result="Passed" start-time="2026-03-22 18:02:15Z" end-time="2026-03-22 18:02:15Z" duration="0.001109" asserts="0">
                    <properties>
                      <property name="retryIteration" value="0" />
                      <property name="repeatIteration" value="0" />
                    </properties>
                  </test-case>
                </test-suite>
                <test-suite type="TestFixture" id="1023" name="MovementPhaseScenarioTests" fullname="Game.Feature.Gameplay.Tests.Scenario.MovementPhaseScenarioTests" classname="Game.Feature.Gameplay.Tests.Scenario.MovementPhaseScenarioTests" runstate="Runnable" testcasecount="4" result="Passed" start-time="2026-03-22 18:02:15Z" end-time="2026-03-22 18:02:15Z" duration="0.013847" total="4" passed="4" failed="0" inconclusive="0" skipped="0" asserts="0">
                  <properties />
                  <test-case id="1025" name="Movement_BlockedCellMove_Fails" fullname="Game.Feature.Gameplay.Tests.Scenario.MovementPhaseScenarioTests.Movement_BlockedCellMove_Fails" methodname="Movement_BlockedCellMove_Fails" classname="Game.Feature.Gameplay.Tests.Scenario.MovementPhaseScenarioTests" runstate="Runnable" seed="266908686" result="Passed" start-time="2026-03-22 18:02:15Z" end-time="2026-03-22 18:02:15Z" duration="0.002652" asserts="0">
                    <properties>
                      <property name="retryIteration" value="0" />
                      <property name="repeatIteration" value="0" />
                    </properties>
                  </test-case>
                  <test-case id="1024" name="Movement_EmptyCellMove_Succeeds" fullname="Game.Feature.Gameplay.Tests.Scenario.MovementPhaseScenarioTests.Movement_EmptyCellMove_Succeeds" methodname="Movement_EmptyCellMove_Succeeds" classname="Game.Feature.Gameplay.Tests.Scenario.MovementPhaseScenarioTests" runstate="Runnable" seed="3954159" result="Passed" start-time="2026-03-22 18:02:15Z" end-time="2026-03-22 18:02:15Z" duration="0.002752" asserts="0">
                    <properties>
                      <property name="retryIteration" value="0" />
                      <property name="repeatIteration" value="0" />
                    </properties>
                  </test-case>
                  <test-case id="1026" name="Movement_SameDestination_OnlyHigherPriorityWins" fullname="Game.Feature.Gameplay.Tests.Scenario.MovementPhaseScenarioTests.Movement_SameDestination_OnlyHigherPriorityWins" methodname="Movement_SameDestination_OnlyHigherPriorityWins" classname="Game.Feature.Gameplay.Tests.Scenario.MovementPhaseScenarioTests" runstate="Runnable" seed="1671896083" result="Passed" start-time="2026-03-22 18:02:15Z" end-time="2026-03-22 18:02:15Z" duration="0.003921" asserts="0">
                    <properties>
                      <property name="retryIteration" value="0" />
                      <property name="repeatIteration" value="0" />
                    </properties>
                  </test-case>
                  <test-case id="1027" name="Movement_SameInput_AssignsDeterministicIntentIds" fullname="Game.Feature.Gameplay.Tests.Scenario.MovementPhaseScenarioTests.Movement_SameInput_AssignsDeterministicIntentIds" methodname="Movement_SameInput_AssignsDeterministicIntentIds" classname="Game.Feature.Gameplay.Tests.Scenario.MovementPhaseScenarioTests" runstate="Runnable" seed="873520517" result="Passed" start-time="2026-03-22 18:02:15Z" end-time="2026-03-22 18:02:15Z" duration="0.001178" asserts="0">
                    <properties>
                      <property name="retryIteration" value="0" />
                      <property name="repeatIteration" value="0" />
                    </properties>
                  </test-case>
                </test-suite>
              </test-suite>
              <test-suite type="TestSuite" id="1033" name="Unit" fullname="Game.Feature.Gameplay.Tests.Unit" runstate="Runnable" testcasecount="16" result="Failed" site="Child" start-time="2026-03-22 18:02:15Z" end-time="2026-03-22 18:02:15Z" duration="0.029836" total="16" passed="15" failed="1" inconclusive="0" skipped="0" asserts="0">
                <properties />
                <failure>
                  <message><![CDATA[One or more child tests had errors]]></message>
                </failure>
                <test-suite type="TestFixture" id="1001" name="TickPipelineStageOneTests" fullname="Game.Feature.Gameplay.Tests.Unit.TickPipelineStageOneTests" classname="Game.Feature.Gameplay.Tests.Unit.TickPipelineStageOneTests" runstate="Runnable" testcasecount="10" result="Failed" site="Child" start-time="2026-03-22 18:02:15Z" end-time="2026-03-22 18:02:15Z" duration="0.018246" total="10" passed="9" failed="1" inconclusive="0" skipped="0" asserts="0">
                  <properties />
                  <failure>
                    <message><![CDATA[One or more child tests had errors]]></message>
                  </failure>
                  <test-case id="1011" name="ActionGroupComparer_ProvidesTotalOrder" fullname="Game.Feature.Gameplay.Tests.Unit.TickPipelineStageOneTests.ActionGroupComparer_ProvidesTotalOrder" methodname="ActionGroupComparer_ProvidesTotalOrder" classname="Game.Feature.Gameplay.Tests.Unit.TickPipelineStageOneTests" runstate="Runnable" seed="1982735293" result="Passed" start-time="2026-03-22 18:02:15Z" end-time="2026-03-22 18:02:15Z" duration="0.000643" asserts="0">
                    <properties>
                      <property name="retryIteration" value="0" />
                      <property name="repeatIteration" value="0" />
                    </properties>
                  </test-case>
                  <test-case id="1009" name="AttackInputComparer_SortsBySourceKindAndLocalSequence" fullname="Game.Feature.Gameplay.Tests.Unit.TickPipelineStageOneTests.AttackInputComparer_SortsBySourceKindAndLocalSequence" methodname="AttackInputComparer_SortsBySourceKindAndLocalSequence" classname="Game.Feature.Gameplay.Tests.Unit.TickPipelineStageOneTests" runstate="Runnable" seed="563001954" result="Passed" start-time="2026-03-22 18:02:15Z" end-time="2026-03-22 18:02:15Z" duration="0.002115" asserts="0">
                    <properties>
                      <property name="retryIteration" value="0" />
                      <property name="repeatIteration" value="0" />
                    </properties>
                  </test-case>
                  <test-case id="1002" name="IdAllocator_ResetForTick_RestartsCategorySequences" fullname="Game.Feature.Gameplay.Tests.Unit.TickPipelineStageOneTests.IdAllocator_ResetForTick_RestartsCategorySequences" methodname="IdAllocator_ResetForTick_RestartsCategorySequences" classname="Game.Feature.Gameplay.Tests.Unit.TickPipelineStageOneTests" runstate="Runnable" seed="1474880657" result="Passed" start-time="2026-03-22 18:02:15Z" end-time="2026-03-22 18:02:15Z" duration="0.000304" asserts="0">
                    <properties>
                      <property name="retryIteration" value="0" />
                      <property name="repeatIteration" value="0" />
                    </properties>
                  </test-case>
                  <test-case id="1010" name="IntentComparer_ProvidesTotalOrder" fullname="Game.Feature.Gameplay.Tests.Unit.TickPipelineStageOneTests.IntentComparer_ProvidesTotalOrder" methodname="IntentComparer_ProvidesTotalOrder" classname="Game.Feature.Gameplay.Tests.Unit.TickPipelineStageOneTests" runstate="Runnable" seed="731805889" result="Passed" start-time="2026-03-22 18:02:15Z" end-time="2026-03-22 18:02:15Z" duration="0.000944" asserts="0">
                    <properties>
                      <property name="retryIteration" value="0" />
                      <property name="repeatIteration" value="0" />
                    </properties>
                  </test-case>
                  <test-case id="1008" name="PhaseTransientBuffer_DrainImpacts_ReturnsDeterministicOrder_AndClearsBuffer" fullname="Game.Feature.Gameplay.Tests.Unit.TickPipelineStageOneTests.PhaseTransientBuffer_DrainImpacts_ReturnsDeterministicOrder_AndClearsBuffer" methodname="PhaseTransientBuffer_DrainImpacts_ReturnsDeterministicOrder_AndClearsBuffer" classname="Game.Feature.Gameplay.Tests.Unit.TickPipelineStageOneTests" runstate="Runnable" seed="1931420913" result="Passed" start-time="2026-03-22 18:02:15Z" end-time="2026-03-22 18:02:15Z" duration="0.002155" asserts="0">
                    <properties>
                      <property name="retryIteration" value="0" />
                      <property name="repeatIteration" value="0" />
                    </properties>
                  </test-case>
                  <test-case id="1003" name="RunTick_SortsRawIntents_AndAssignsCentralIntentIds" fullname="Game.Feature.Gameplay.Tests.Unit.TickPipelineStageOneTests.RunTick_SortsRawIntents_AndAssignsCentralIntentIds" methodname="RunTick_SortsRawIntents_AndAssignsCentralIntentIds" classname="Game.Feature.Gameplay.Tests.Unit.TickPipelineStageOneTests" runstate="Runnable" seed="889766359" result="Failed" start-time="2026-03-22 18:02:15Z" end-time="2026-03-22 18:02:15Z" duration="0.006400" asserts="0">
                    <properties>
                      <property name="retryIteration" value="0" />
                      <property name="repeatIteration" value="0" />
                    </properties>
                    <failure>
                      <message><![CDATA[  Expected is <System.ValueTuple`2[System.Int32,System.Int32][2]>, actual is <System.ValueTuple`2[System.Int32,System.Int32][0]>
  Values differ at index [0]
  Missing:  < (10, 3), (20, 4) >]]></message>
                      <stack-trace><![CDATA[at NUnit.Framework.CollectionAssert.AreEqual (System.Collections.IEnumerable expected, System.Collections.IEnumerable actual, System.String message, System.Object[] args) [0x00007] in <f577cd9686154d6ab10efd7e65e64366>:0
at NUnit.Framework.CollectionAssert.AreEqual (System.Collections.IEnumerable expected, System.Collections.IEnumerable actual) [0x00000] in <f577cd9686154d6ab10efd7e65e64366>:0
at Game.Feature.Gameplay.Tests.Unit.TickPipelineStageOneTests.RunTick_SortsRawIntents_AndAssignsCentralIntentIds () [0x000c5] in C:\Users\user\2026TeamProject_J2M\Assets\_Features\Gameplay\Gameplay_Tests\EditMode\Unit\TickPipelineStageOneTests.cs:61
]]></stack-trace>
                    </failure>
                  </test-case>
                  <test-case id="1005" name="WorldSnapshot_BlocksMovementUntilCleanupEvenWhenEntityIsMarkedForDeath" fullname="Game.Feature.Gameplay.Tests.Unit.TickPipelineStageOneTests.WorldSnapshot_BlocksMovementUntilCleanupEvenWhenEntityIsMarkedForDeath" methodname="WorldSnapshot_BlocksMovementUntilCleanupEvenWhenEntityIsMarkedForDeath" classname="Game.Feature.Gameplay.Tests.Unit.TickPipelineStageOneTests" runstate="Runnable" seed="1049745599" result="Passed" start-time="2026-03-22 18:02:15Z" end-time="2026-03-22 18:02:15Z" duration="0.000497" asserts="0">
                    <properties>
                      <property name="retryIteration" value="0" />
                      <property name="repeatIteration" value="0" />
                    </properties>
                  </test-case>
                  <test-case id="1006" name="WorldSnapshot_CanBeTargetedForNewSelection_FollowsMarkedForDeathPolicy" fullname="Game.Feature.Gameplay.Tests.Unit.TickPipelineStageOneTests.WorldSnapshot_CanBeTargetedForNewSelection_FollowsMarkedForDeathPolicy" methodname="WorldSnapshot_CanBeTargetedForNewSelection_FollowsMarkedForDeathPolicy" classname="Game.Feature.Gameplay.Tests.Unit.TickPipelineStageOneTests" runstate="Runnable" seed="1448764931" result="Passed" start-time="2026-03-22 18:02:15Z" end-time="2026-03-22 18:02:15Z" duration="0.000166" asserts="0">
                    <properties>
                      <property name="retryIteration" value="0" />
                      <property name="repeatIteration" value="0" />
                    </properties>
                  </test-case>
                  <test-case id="1004" name="WorldSnapshot_EnumeratesEntitiesInEntityIdOrder" fullname="Game.Feature.Gameplay.Tests.Unit.TickPipelineStageOneTests.WorldSnapshot_EnumeratesEntitiesInEntityIdOrder" methodname="WorldSnapshot_EnumeratesEntitiesInEntityIdOrder" classname="Game.Feature.Gameplay.Tests.Unit.TickPipelineStageOneTests" runstate="Runnable" seed="345538279" result="Passed" start-time="2026-03-22 18:02:15Z" end-time="2026-03-22 18:02:15Z" duration="0.000770" asserts="0">
                    <properties>
                      <property name="retryIteration" value="0" />
                      <property name="repeatIteration" value="0" />
                    </properties>
                  </test-case>
                  <test-case id="1007" name="WorldSnapshot_IsImmutable_AfterWorldMutation" fullname="Game.Feature.Gameplay.Tests.Unit.TickPipelineStageOneTests.WorldSnapshot_IsImmutable_AfterWorldMutation" methodname="WorldSnapshot_IsImmutable_AfterWorldMutation" classname="Game.Feature.Gameplay.Tests.Unit.TickPipelineStageOneTests" runstate="Runnable" seed="345888231" result="Passed" start-time="2026-03-22 18:02:15Z" end-time="2026-03-22 18:02:15Z" duration="0.000505" asserts="0">
                    <properties>
                      <property name="retryIteration" value="0" />
                      <property name="repeatIteration" value="0" />
                    </properties>
                  </test-case>
                </test-suite>
                <test-suite type="TestFixture" id="1012" name="TickPipelineStructureTests" fullname="Game.Feature.Gameplay.Tests.Unit.TickPipelineStructureTests" classname="Game.Feature.Gameplay.Tests.Unit.TickPipelineStructureTests" runstate="Runnable" testcasecount="6" result="Passed" start-time="2026-03-22 18:02:15Z" end-time="2026-03-22 18:02:15Z" duration="0.008068" total="6" passed="6" failed="0" inconclusive="0" skipped="0" asserts="0">
                  <properties />
                  <test-case id="1015" name="IdAllocator_IsNotExposedAsPublicRuntimeApi" fullname="Game.Feature.Gameplay.Tests.Unit.TickPipelineStructureTests.IdAllocator_IsNotExposedAsPublicRuntimeApi" methodname="IdAllocator_IsNotExposedAsPublicRuntimeApi" classname="Game.Feature.Gameplay.Tests.Unit.TickPipelineStructureTests" runstate="Runnable" seed="783401051" result="Passed" start-time="2026-03-22 18:02:15Z" end-time="2026-03-22 18:02:15Z" duration="0.001422" asserts="0">
                    <properties>
                      <property name="retryIteration" value="0" />
                      <property name="repeatIteration" value="0" />
                    </properties>
                  </test-case>
                  <test-case id="1018" name="IEntityLogic_ExposesPhaseSpecificRawIntentCollectionContract" fullname="Game.Feature.Gameplay.Tests.Unit.TickPipelineStructureTests.IEntityLogic_ExposesPhaseSpecificRawIntentCollectionContract" methodname="IEntityLogic_ExposesPhaseSpecificRawIntentCollectionContract" classname="Game.Feature.Gameplay.Tests.Unit.TickPipelineStructureTests" runstate="Runnable" seed="105446530" result="Passed" start-time="2026-03-22 18:02:15Z" end-time="2026-03-22 18:02:15Z" duration="0.000881" asserts="0">
                    <properties>
                      <property name="retryIteration" value="0" />
                      <property name="repeatIteration" value="0" />
                    </properties>
                  </test-case>
                  <test-case id="1013" name="RunTick_CompletesMovementAttackCleanup" fullname="Game.Feature.Gameplay.Tests.Unit.TickPipelineStructureTests.RunTick_CompletesMovementAttackCleanup" methodname="RunTick_CompletesMovementAttackCleanup" classname="Game.Feature.Gameplay.Tests.Unit.TickPipelineStructureTests" runstate="Runnable" seed="995807141" result="Passed" start-time="2026-03-22 18:02:15Z" end-time="2026-03-22 18:02:15Z" duration="0.000829" asserts="0">
                    <properties>
                      <property name="retryIteration" value="0" />
                      <property name="repeatIteration" value="0" />
                    </properties>
                  </test-case>
                  <test-case id="1014" name="TickResult_DoesNotExposePhaseDiagnosticsInPublicApi" fullname="Game.Feature.Gameplay.Tests.Unit.TickPipelineStructureTests.TickResult_DoesNotExposePhaseDiagnosticsInPublicApi" methodname="TickResult_DoesNotExposePhaseDiagnosticsInPublicApi" classname="Game.Feature.Gameplay.Tests.Unit.TickPipelineStructureTests" runstate="Runnable" seed="525041722" result="Passed" start-time="2026-03-22 18:02:15Z" end-time="2026-03-22 18:02:15Z" duration="0.000354" asserts="0">
                    <properties>
                      <property name="retryIteration" value="0" />
                      <property name="repeatIteration" value="0" />
                    </properties>
                  </test-case>
                  <test-case id="1016" name="WorldState_DoesNotExposeDirectPublicMutationApi" fullname="Game.Feature.Gameplay.Tests.Unit.TickPipelineStructureTests.WorldState_DoesNotExposeDirectPublicMutationApi" methodname="WorldState_DoesNotExposeDirectPublicMutationApi" classname="Game.Feature.Gameplay.Tests.Unit.TickPipelineStructureTests" runstate="Runnable" seed="634392817" result="Passed" start-time="2026-03-22 18:02:15Z" end-time="2026-03-22 18:02:15Z" duration="0.000749" asserts="0">
                    <properties>
                      <property name="retryIteration" value="0" />
                      <property name="repeatIteration" value="0" />
                    </properties>
                  </test-case>
                  <test-case id="1017" name="WorldState_HidesConcreteWriteContext_And_PrivateMutationHelpers" fullname="Game.Feature.Gameplay.Tests.Unit.TickPipelineStructureTests.WorldState_HidesConcreteWriteContext_And_PrivateMutationHelpers" methodname="WorldState_HidesConcreteWriteContext_And_PrivateMutationHelpers" classname="Game.Feature.Gameplay.Tests.Unit.TickPipelineStructureTests" runstate="Runnable" seed="833836298" result="Passed" start-time="2026-03-22 18:02:15Z" end-time="2026-03-22 18:02:15Z" duration="0.000564" asserts="0">
                    <properties>
                      <property name="retryIteration" value="0" />
                      <property name="repeatIteration" value="0" />
                    </properties>
                    <output><![CDATA[Saving results to: C:/Users/user/AppData/LocalLow/DefaultCompany/2026TeamProject_J2M\TestResults.xml
]]></output>
                  </test-case>
                </test-suite>
              </test-suite>
            </test-suite>
          </test-suite>
        </test-suite>
      </test-suite>
    </test-suite>
  </test-suite>
</test-run>