<?xml version="1.0" encoding="utf-8"?>
<test-run id="2" testcasecount="16" result="Passed" total="16" passed="16" failed="0" inconclusive="0" skipped="0" asserts="0" engine-version="3.5.0.0" clr-version="4.0.30319.42000" start-time="2026-03-22 16:05:59Z" end-time="2026-03-22 16:06:00Z" duration="0.080415">
  <test-suite type="TestSuite" id="1032" name="2026TeamProject_J2M" fullname="2026TeamProject_J2M" runstate="Runnable" testcasecount="16" result="Passed" start-time="2026-03-22 16:05:59Z" end-time="2026-03-22 16:06:00Z" duration="0.080415" total="16" passed="16" failed="0" inconclusive="0" skipped="0" asserts="0">
    <properties>
      <property name="platform" value="EditMode" />
    </properties>
    <test-suite type="Assembly" id="1019" name="Game.Feature.Gameplay.Tests.dll" fullname="C:/Users/user/2026TeamProject_J2M/Library/ScriptAssemblies/Game.Feature.Gameplay.Tests.dll" runstate="Runnable" testcasecount="16" result="Passed" start-time="2026-03-22 16:05:59Z" end-time="2026-03-22 16:06:00Z" duration="0.068471" total="16" passed="16" failed="0" inconclusive="0" skipped="0" asserts="0">
      <properties>
        <property name="_PID" value="17608" />
        <property name="_APPDOMAIN" value="Unity Child Domain" />
        <property name="platform" value="EditMode" />
        <property name="EditorOnly" value="True" />
      </properties>
      <test-suite type="TestSuite" id="1020" name="Game" fullname="Game" runstate="Runnable" testcasecount="16" result="Passed" start-time="2026-03-22 16:05:59Z" end-time="2026-03-22 16:06:00Z" duration="0.067952" total="16" passed="16" failed="0" inconclusive="0" skipped="0" asserts="0">
        <properties />
        <test-suite type="TestSuite" id="1021" name="Feature" fullname="Game.Feature" runstate="Runnable" testcasecount="16" result="Passed" start-time="2026-03-22 16:05:59Z" end-time="2026-03-22 16:06:00Z" duration="0.067699" total="16" passed="16" failed="0" inconclusive="0" skipped="0" asserts="0">
          <properties />
          <test-suite type="TestSuite" id="1022" name="Gameplay" fullname="Game.Feature.Gameplay" runstate="Runnable" testcasecount="16" result="Passed" start-time="2026-03-22 16:05:59Z" end-time="2026-03-22 16:06:00Z" duration="0.067458" total="16" passed="16" failed="0" inconclusive="0" skipped="0" asserts="0">
            <properties />
            <test-suite type="TestSuite" id="1023" name="Tests" fullname="Game.Feature.Gameplay.Tests" runstate="Runnable" testcasecount="16" result="Passed" start-time="2026-03-22 16:05:59Z" end-time="2026-03-22 16:06:00Z" duration="0.066957" total="16" passed="16" failed="0" inconclusive="0" skipped="0" asserts="0">
              <properties />
              <test-suite type="TestSuite" id="1024" name="Unit" fullname="Game.Feature.Gameplay.Tests.Unit" runstate="Runnable" testcasecount="16" result="Passed" start-time="2026-03-22 16:05:59Z" end-time="2026-03-22 16:06:00Z" duration="0.066666" total="16" passed="16" failed="0" inconclusive="0" skipped="0" asserts="0">
                <properties />
                <test-suite type="TestFixture" id="1001" name="TickPipelineStageOneTests" fullname="Game.Feature.Gameplay.Tests.Unit.TickPipelineStageOneTests" classname="Game.Feature.Gameplay.Tests.Unit.TickPipelineStageOneTests" runstate="Runnable" testcasecount="10" result="Passed" start-time="2026-03-22 16:05:59Z" end-time="2026-03-22 16:06:00Z" duration="0.055867" total="10" passed="10" failed="0" inconclusive="0" skipped="0" asserts="0">
                  <properties />
                  <test-case id="1011" name="ActionGroupComparer_ProvidesTotalOrder" fullname="Game.Feature.Gameplay.Tests.Unit.TickPipelineStageOneTests.ActionGroupComparer_ProvidesTotalOrder" methodname="ActionGroupComparer_ProvidesTotalOrder" classname="Game.Feature.Gameplay.Tests.Unit.TickPipelineStageOneTests" runstate="Runnable" seed="273842041" result="Passed" start-time="2026-03-22 16:05:59Z" end-time="2026-03-22 16:05:59Z" duration="0.014243" asserts="0">
                    <properties>
                      <property name="retryIteration" value="0" />
                      <property name="repeatIteration" value="0" />
                    </properties>
                  </test-case>
                  <test-case id="1009" name="AttackInputComparer_SortsBySourceKindAndLocalSequence" fullname="Game.Feature.Gameplay.Tests.Unit.TickPipelineStageOneTests.AttackInputComparer_SortsBySourceKindAndLocalSequence" methodname="AttackInputComparer_SortsBySourceKindAndLocalSequence" classname="Game.Feature.Gameplay.Tests.Unit.TickPipelineStageOneTests" runstate="Runnable" seed="1984362510" result="Passed" start-time="2026-03-22 16:05:59Z" end-time="2026-03-22 16:05:59Z" duration="0.003216" asserts="0">
                    <properties>
                      <property name="retryIteration" value="0" />
                      <property name="repeatIteration" value="0" />
                    </properties>
                  </test-case>
                  <test-case id="1002" name="IdAllocator_ResetForTick_RestartsCategorySequences" fullname="Game.Feature.Gameplay.Tests.Unit.TickPipelineStageOneTests.IdAllocator_ResetForTick_RestartsCategorySequences" methodname="IdAllocator_ResetForTick_RestartsCategorySequences" classname="Game.Feature.Gameplay.Tests.Unit.TickPipelineStageOneTests" runstate="Runnable" seed="433589455" result="Passed" start-time="2026-03-22 16:05:59Z" end-time="2026-03-22 16:05:59Z" duration="0.001083" asserts="0">
                    <properties>
                      <property name="retryIteration" value="0" />
                      <property name="repeatIteration" value="0" />
                    </properties>
                  </test-case>
                  <test-case id="1010" name="IntentComparer_ProvidesTotalOrder" fullname="Game.Feature.Gameplay.Tests.Unit.TickPipelineStageOneTests.IntentComparer_ProvidesTotalOrder" methodname="IntentComparer_ProvidesTotalOrder" classname="Game.Feature.Gameplay.Tests.Unit.TickPipelineStageOneTests" runstate="Runnable" seed="1790398354" result="Passed" start-time="2026-03-22 16:05:59Z" end-time="2026-03-22 16:05:59Z" duration="0.000954" asserts="0">
                    <properties>
                      <property name="retryIteration" value="0" />
                      <property name="repeatIteration" value="0" />
                    </properties>
                  </test-case>
                  <test-case id="1008" name="PhaseTransientBuffer_DrainImpacts_ReturnsDeterministicOrder_AndClearsBuffer" fullname="Game.Feature.Gameplay.Tests.Unit.TickPipelineStageOneTests.PhaseTransientBuffer_DrainImpacts_ReturnsDeterministicOrder_AndClearsBuffer" methodname="PhaseTransientBuffer_DrainImpacts_ReturnsDeterministicOrder_AndClearsBuffer" classname="Game.Feature.Gameplay.Tests.Unit.TickPipelineStageOneTests" runstate="Runnable" seed="1115779021" result="Passed" start-time="2026-03-22 16:05:59Z" end-time="2026-03-22 16:05:59Z" duration="0.003448" asserts="0">
                    <properties>
                      <property name="retryIteration" value="0" />
                      <property name="repeatIteration" value="0" />
                    </properties>
                  </test-case>
                  <test-case id="1003" name="RunTick_SortsRawIntents_AndAssignsCentralIntentIds" fullname="Game.Feature.Gameplay.Tests.Unit.TickPipelineStageOneTests.RunTick_SortsRawIntents_AndAssignsCentralIntentIds" methodname="RunTick_SortsRawIntents_AndAssignsCentralIntentIds" classname="Game.Feature.Gameplay.Tests.Unit.TickPipelineStageOneTests" runstate="Runnable" seed="572209998" result="Passed" start-time="2026-03-22 16:05:59Z" end-time="2026-03-22 16:06:00Z" duration="0.009754" asserts="0">
                    <properties>
                      <property name="retryIteration" value="0" />
                      <property name="repeatIteration" value="0" />
                    </properties>
                  </test-case>
                  <test-case id="1005" name="WorldSnapshot_BlocksMovementUntilCleanupEvenWhenEntityIsMarkedForDeath" fullname="Game.Feature.Gameplay.Tests.Unit.TickPipelineStageOneTests.WorldSnapshot_BlocksMovementUntilCleanupEvenWhenEntityIsMarkedForDeath" methodname="WorldSnapshot_BlocksMovementUntilCleanupEvenWhenEntityIsMarkedForDeath" classname="Game.Feature.Gameplay.Tests.Unit.TickPipelineStageOneTests" runstate="Runnable" seed="2133996135" result="Passed" start-time="2026-03-22 16:06:00Z" end-time="2026-03-22 16:06:00Z" duration="0.004702" asserts="0">
                    <properties>
                      <property name="retryIteration" value="0" />
                      <property name="repeatIteration" value="0" />
                    </properties>
                  </test-case>
                  <test-case id="1006" name="WorldSnapshot_CanBeTargetedForNewSelection_FollowsMarkedForDeathPolicy" fullname="Game.Feature.Gameplay.Tests.Unit.TickPipelineStageOneTests.WorldSnapshot_CanBeTargetedForNewSelection_FollowsMarkedForDeathPolicy" methodname="WorldSnapshot_CanBeTargetedForNewSelection_FollowsMarkedForDeathPolicy" classname="Game.Feature.Gameplay.Tests.Unit.TickPipelineStageOneTests" runstate="Runnable" seed="1551813344" result="Passed" start-time="2026-03-22 16:06:00Z" end-time="2026-03-22 16:06:00Z" duration="0.000575" asserts="0">
                    <properties>
                      <property name="retryIteration" value="0" />
                      <property name="repeatIteration" value="0" />
                    </properties>
                  </test-case>
                  <test-case id="1004" name="WorldSnapshot_EnumeratesEntitiesInEntityIdOrder" fullname="Game.Feature.Gameplay.Tests.Unit.TickPipelineStageOneTests.WorldSnapshot_EnumeratesEntitiesInEntityIdOrder" methodname="WorldSnapshot_EnumeratesEntitiesInEntityIdOrder" classname="Game.Feature.Gameplay.Tests.Unit.TickPipelineStageOneTests" runstate="Runnable" seed="277752350" result="Passed" start-time="2026-03-22 16:06:00Z" end-time="2026-03-22 16:06:00Z" duration="0.002529" asserts="0">
                    <properties>
                      <property name="retryIteration" value="0" />
                      <property name="repeatIteration" value="0" />
                    </properties>
                  </test-case>
                  <test-case id="1007" name="WorldSnapshot_IsImmutable_AfterWorldMutation" fullname="Game.Feature.Gameplay.Tests.Unit.TickPipelineStageOneTests.WorldSnapshot_IsImmutable_AfterWorldMutation" methodname="WorldSnapshot_IsImmutable_AfterWorldMutation" classname="Game.Feature.Gameplay.Tests.Unit.TickPipelineStageOneTests" runstate="Runnable" seed="840101573" result="Passed" start-time="2026-03-22 16:06:00Z" end-time="2026-03-22 16:06:00Z" duration="0.001139" asserts="0">
                    <properties>
                      <property name="retryIteration" value="0" />
                      <property name="repeatIteration" value="0" />
                    </properties>
                  </test-case>
                </test-suite>
                <test-suite type="TestFixture" id="1012" name="TickPipelineStructureTests" fullname="Game.Feature.Gameplay.Tests.Unit.TickPipelineStructureTests" classname="Game.Feature.Gameplay.Tests.Unit.TickPipelineStructureTests" runstate="Runnable" testcasecount="6" result="Passed" start-time="2026-03-22 16:06:00Z" end-time="2026-03-22 16:06:00Z" duration="0.009607" total="6" passed="6" failed="0" inconclusive="0" skipped="0" asserts="0">
                  <properties />
                  <test-case id="1015" name="IdAllocator_IsNotExposedAsPublicRuntimeApi" fullname="Game.Feature.Gameplay.Tests.Unit.TickPipelineStructureTests.IdAllocator_IsNotExposedAsPublicRuntimeApi" methodname="IdAllocator_IsNotExposedAsPublicRuntimeApi" classname="Game.Feature.Gameplay.Tests.Unit.TickPipelineStructureTests" runstate="Runnable" seed="547155792" result="Passed" start-time="2026-03-22 16:06:00Z" end-time="2026-03-22 16:06:00Z" duration="0.001504" asserts="0">
                    <properties>
                      <property name="retryIteration" value="0" />
                      <property name="repeatIteration" value="0" />
                    </properties>
                  </test-case>
                  <test-case id="1018" name="IEntityLogic_ExposesPhaseSpecificRawIntentCollectionContract" fullname="Game.Feature.Gameplay.Tests.Unit.TickPipelineStructureTests.IEntityLogic_ExposesPhaseSpecificRawIntentCollectionContract" methodname="IEntityLogic_ExposesPhaseSpecificRawIntentCollectionContract" classname="Game.Feature.Gameplay.Tests.Unit.TickPipelineStructureTests" runstate="Runnable" seed="336954480" result="Passed" start-time="2026-03-22 16:06:00Z" end-time="2026-03-22 16:06:00Z" duration="0.000965" asserts="0">
                    <properties>
                      <property name="retryIteration" value="0" />
                      <property name="repeatIteration" value="0" />
                    </properties>
                  </test-case>
                  <test-case id="1013" name="RunTick_CompletesMovementAttackCleanup" fullname="Game.Feature.Gameplay.Tests.Unit.TickPipelineStructureTests.RunTick_CompletesMovementAttackCleanup" methodname="RunTick_CompletesMovementAttackCleanup" classname="Game.Feature.Gameplay.Tests.Unit.TickPipelineStructureTests" runstate="Runnable" seed="1281321363" result="Passed" start-time="2026-03-22 16:06:00Z" end-time="2026-03-22 16:06:00Z" duration="0.001028" asserts="0">
                    <properties>
                      <property name="retryIteration" value="0" />
                      <property name="repeatIteration" value="0" />
                    </properties>
                  </test-case>
                  <test-case id="1014" name="TickResult_DoesNotExposePhaseDiagnosticsInPublicApi" fullname="Game.Feature.Gameplay.Tests.Unit.TickPipelineStructureTests.TickResult_DoesNotExposePhaseDiagnosticsInPublicApi" methodname="TickResult_DoesNotExposePhaseDiagnosticsInPublicApi" classname="Game.Feature.Gameplay.Tests.Unit.TickPipelineStructureTests" runstate="Runnable" seed="962317748" result="Passed" start-time="2026-03-22 16:06:00Z" end-time="2026-03-22 16:06:00Z" duration="0.000477" asserts="0">
                    <properties>
                      <property name="retryIteration" value="0" />
                      <property name="repeatIteration" value="0" />
                    </properties>
                  </test-case>
                  <test-case id="1016" name="WorldState_DoesNotExposeDirectPublicMutationApi" fullname="Game.Feature.Gameplay.Tests.Unit.TickPipelineStructureTests.WorldState_DoesNotExposeDirectPublicMutationApi" methodname="WorldState_DoesNotExposeDirectPublicMutationApi" classname="Game.Feature.Gameplay.Tests.Unit.TickPipelineStructureTests" runstate="Runnable" seed="441789911" result="Passed" start-time="2026-03-22 16:06:00Z" end-time="2026-03-22 16:06:00Z" duration="0.000847" asserts="0">
                    <properties>
                      <property name="retryIteration" value="0" />
                      <property name="repeatIteration" value="0" />
                    </properties>
                  </test-case>
                  <test-case id="1017" name="WorldState_HidesConcreteWriteContext_And_PrivateMutationHelpers" fullname="Game.Feature.Gameplay.Tests.Unit.TickPipelineStructureTests.WorldState_HidesConcreteWriteContext_And_PrivateMutationHelpers" methodname="WorldState_HidesConcreteWriteContext_And_PrivateMutationHelpers" classname="Game.Feature.Gameplay.Tests.Unit.TickPipelineStructureTests" runstate="Runnable" seed="1439548452" result="Passed" start-time="2026-03-22 16:06:00Z" end-time="2026-03-22 16:06:00Z" duration="0.000697" asserts="0">
                    <properties>
                      <property name="retryIteration" value="0" />
                      <property name="repeatIteration" value="0" />
                    </properties>
                    <output><![CDATA[Saving results to: C:/Users/user/AppData/LocalLow/DefaultCompany/2026TeamProject_J2M\TestResults.xml
]]></output>
                  </test-case>
                </test-suite>
              </test-suite>
            </test-suite>
          </test-suite>
        </test-suite>
      </test-suite>
    </test-suite>
  </test-suite>
</test-run>